DEBUG     Checking PHPLS_ALLOW_XDEBUG
DEBUG     The xdebug extension is loaded (2.9.2)

DEBUG     Process restarting (PHPLS_ALLOW_XDEBUG=internal|2.9.2|1|*|*)
DEBUG     Running '/usr/bin/php7.4' '-n' '-c' '/tmp/rEeXvB' '/root/.vscode/extensions/felixfbecker.php-intellisense-2.3.14/vendor/felixfbecker/language-server/bin/php-language-server.php' '--tcp=127.0.0.1:42277' '--memory-limit=4095M'

DEBUG     Checking PHPLS_ALLOW_XDEBUG
DEBUG     Restarted (18 ms). The xdebug extension is not loaded

[Info  - 14:16:59] 179 files total
[Info  - 14:16:59] Indexing project for definitions and static references
Parsing file:///var/www/html/webtester/grade.php
Parsing file:///var/www/html/webtester/noQuestions.php
Parsing file:///var/www/html/webtester/admin/loadfile.php
Parsing file:///var/www/html/webtester/admin/logout.php
Parsing file:///var/www/html/webtester/admin/enableTest.php
Parsing file:///var/www/html/webtester/admin/updateCustomMessage.php
Parsing file:///var/www/html/webtester/admin/deleteTest.php
Parsing file:///var/www/html/webtester/admin/upload.php
Parsing file:///var/www/html/webtester/admin/deleteQuestion.php
Parsing file:///var/www/html/webtester/admin/addTest.php
Parsing file:///var/www/html/webtester/admin/updateQuestion.php
Parsing file:///var/www/html/webtester/admin/addUser.php
Parsing file:///var/www/html/webtester/admin/remove2.php
Parsing file:///var/www/html/webtester/admin/general.php
Parsing file:///var/www/html/webtester/admin/deleteResults.php
Parsing file:///var/www/html/webtester/admin/about.php
Parsing file:///var/www/html/webtester/admin/insertTest.php
Parsing file:///var/www/html/webtester/admin/questionEdit.php
Parsing file:///var/www/html/webtester/admin/editReportTemplate.php
Parsing file:///var/www/html/webtester/admin/remove.php
Parsing file:///var/www/html/webtester/admin/reportTemplates.php
Parsing file:///var/www/html/webtester/admin/deleteUser.php
Parsing file:///var/www/html/webtester/admin/old_index.php
Parsing file:///var/www/html/webtester/admin/insertReportTemplate.php
Parsing file:///var/www/html/webtester/admin/fileMan.php
Parsing file:///var/www/html/webtester/admin/dupTooMany.php
Parsing file:///var/www/html/webtester/admin/editTest.php
Parsing file:///var/www/html/webtester/admin/test.php
Parsing file:///var/www/html/webtester/admin/deleteReportTemplates.php
Parsing file:///var/www/html/webtester/admin/viewReports.php
Parsing file:///var/www/html/webtester/admin/addQuestion.php
Parsing file:///var/www/html/webtester/admin/addSubject.php
Parsing file:///var/www/html/webtester/admin/subjects.php
Parsing file:///var/www/html/webtester/admin/updateEmailTemplate.php
Parsing file:///var/www/html/webtester/admin/insertEmailTemplate.php
Parsing file:///var/www/html/webtester/admin/editSubject.php
Parsing file:///var/www/html/webtester/admin/login.php
Parsing file:///var/www/html/webtester/admin/editUser.php
Parsing file:///var/www/html/webtester/admin/removeQuestions.php
Parsing file:///var/www/html/webtester/admin/editCustomMessages.php
Parsing file:///var/www/html/webtester/admin/currentSessions.php
Parsing file:///var/www/html/webtester/admin/editCustomMessage.php
Parsing file:///var/www/html/webtester/admin/viewReportUser.php
Parsing file:///var/www/html/webtester/admin/index.php
Parsing file:///var/www/html/webtester/admin/updateUser.php
Parsing file:///var/www/html/webtester/admin/deleteCustomMessages.php
Parsing file:///var/www/html/webtester/admin/loadfileform.php
Parsing file:///var/www/html/webtester/admin/editQuestion.php
Parsing file:///var/www/html/webtester/admin/updateSubject.php
Parsing file:///var/www/html/webtester/admin/emailTemplates.php
Parsing file:///var/www/html/webtester/admin/deleteEmailTemplates.php
Parsing file:///var/www/html/webtester/admin/updateReportTemplate.php
Parsing file:///var/www/html/webtester/admin/delete.php
Parsing file:///var/www/html/webtester/admin/insertSubject.php
Parsing file:///var/www/html/webtester/admin/reorderQuestions.php
Parsing file:///var/www/html/webtester/admin/clearQuestionStats.php
Parsing file:///var/www/html/webtester/admin/deleteSessions.php
Parsing file:///var/www/html/webtester/admin/insertUser.php
Parsing file:///var/www/html/webtester/admin/cleardb.php
Parsing file:///var/www/html/webtester/admin/testManage.php
Parsing file:///var/www/html/webtester/admin/addCustomMessage.php
Parsing file:///var/www/html/webtester/admin/accountManage.php
Parsing file:///var/www/html/webtester/admin/processor.php
Parsing file:///var/www/html/webtester/admin/deleteSubject.php
Parsing file:///var/www/html/webtester/admin/insertCustomMessage.php
Parsing file:///var/www/html/webtester/admin/updateGeneral.php
Parsing file:///var/www/html/webtester/admin/upload2.php
Parsing file:///var/www/html/webtester/admin/updateTest.php
Parsing file:///var/www/html/webtester/admin/addReportTemplate.php
Parsing file:///var/www/html/webtester/admin/preferences.php
Parsing file:///var/www/html/webtester/admin/subjectStats.php
Parsing file:///var/www/html/webtester/admin/questionStats.php
Parsing file:///var/www/html/webtester/admin/editEmailTemplate.php
Parsing file:///var/www/html/webtester/admin/dup.php
Parsing file:///var/www/html/webtester/admin/addEmailTemplate.php
Parsing file:///var/www/html/webtester/admin/clearSubjectStats.php
Parsing file:///var/www/html/webtester/admin/insertQuestion.php
Parsing file:///var/www/html/webtester/userLogin.php
Parsing file:///var/www/html/webtester/directions.php
Parsing file:///var/www/html/webtester/logout.php
Parsing file:///var/www/html/webtester/disabled.php
Parsing file:///var/www/html/webtester/phpinfo.php
Parsing file:///var/www/html/webtester/reviewQuestion.php
Parsing file:///var/www/html/webtester/reviewTest.php
Parsing file:///var/www/html/webtester/closewindow.php
Parsing file:///var/www/html/webtester/userArea.php
Parsing file:///var/www/html/webtester/startTest.php
Parsing file:///var/www/html/webtester/changePassword.php
Parsing file:///var/www/html/webtester/includes/copyright.php
Parsing file:///var/www/html/webtester/includes/class.pop3.php
Parsing file:///var/www/html/webtester/includes/class.smtp.php
Parsing file:///var/www/html/webtester/includes/class.smtp.old.php
Parsing file:///var/www/html/webtester/includes/class.phpmailer.old.php
Parsing file:///var/www/html/webtester/includes/graphs.inc.php
Parsing file:///var/www/html/webtester/includes/language_strings.php
Parsing file:///var/www/html/webtester/includes/conn.php
Parsing file:///var/www/html/webtester/includes/timerhead.php
Parsing file:///var/www/html/webtester/includes/validation.php
Parsing file:///var/www/html/webtester/includes/top.php
Parsing file:///var/www/html/webtester/includes/html2text.php
Parsing file:///var/www/html/webtester/includes/SLLists.class.php
Parsing file:///var/www/html/webtester/includes/conf.php
Parsing file:///var/www/html/webtester/includes/db-conf.php
Parsing file:///var/www/html/webtester/includes/includes.php
Parsing file:///var/www/html/webtester/includes/class.phpmailer.php
Parsing file:///var/www/html/webtester/includes/timerfoot.php
Parsing file:///var/www/html/webtester/includes/questions.php
Parsing file:///var/www/html/webtester/includes/nocache.php
Parsing file:///var/www/html/webtester/install2_old.php
Parsing file:///var/www/html/webtester/clearResults.php
Parsing file:///var/www/html/webtester/Templates/Test%20Layout.dwt.php
Parsing file:///var/www/html/webtester/Templates/Admin%20Layout.dwt.php
Parsing file:///var/www/html/webtester/user-registration.php
Parsing file:///var/www/html/webtester/listar_pasta.php
Parsing file:///var/www/html/webtester/restore.php
Parsing file:///var/www/html/webtester/login.php
Parsing file:///var/www/html/webtester/tooManyAttempts.php
Parsing file:///var/www/html/webtester/invalidSubject.php
Parsing file:///var/www/html/webtester/go.php
Parsing file:///var/www/html/webtester/index.php
Parsing file:///var/www/html/webtester/invalidLogin.php
Parsing file:///var/www/html/webtester/register.php
Parsing file:///var/www/html/webtester/tiny_mce/plugins/ibrowser/temp/index.php
Parsing file:///var/www/html/webtester/tiny_mce/plugins/ibrowser/config/index.php
Parsing file:///var/www/html/webtester/tiny_mce/plugins/ibrowser/config/config.inc.php
Parsing file:///var/www/html/webtester/tiny_mce/plugins/ibrowser/langs/de.php
Parsing file:///var/www/html/webtester/tiny_mce/plugins/ibrowser/langs/es.php
Parsing file:///var/www/html/webtester/tiny_mce/plugins/ibrowser/langs/en.php
Parsing file:///var/www/html/webtester/tiny_mce/plugins/ibrowser/langs/nl.php
Parsing file:///var/www/html/webtester/tiny_mce/plugins/ibrowser/langs/da.php
Parsing file:///var/www/html/webtester/tiny_mce/plugins/ibrowser/langs/lang.class.php
Parsing file:///var/www/html/webtester/tiny_mce/plugins/ibrowser/langs/cs.php
Parsing file:///var/www/html/webtester/tiny_mce/plugins/ibrowser/langs/fr.php
Parsing file:///var/www/html/webtester/tiny_mce/plugins/ibrowser/langs/it.php
Parsing file:///var/www/html/webtester/tiny_mce/plugins/ibrowser/langs/index.php
Parsing file:///var/www/html/webtester/tiny_mce/plugins/ibrowser/langs/pl.php
Parsing file:///var/www/html/webtester/tiny_mce/plugins/ibrowser/ibrowser.php
Parsing file:///var/www/html/webtester/tiny_mce/plugins/ibrowser/index.php
Parsing file:///var/www/html/webtester/tiny_mce/plugins/ibrowser/scripts/loadmsg.php
Parsing file:///var/www/html/webtester/tiny_mce/plugins/ibrowser/scripts/phpThumb/phpthumb.filters.php
Parsing file:///var/www/html/webtester/tiny_mce/plugins/ibrowser/scripts/phpThumb/phpthumb.gif.php
Parsing file:///var/www/html/webtester/tiny_mce/plugins/ibrowser/scripts/phpThumb/phpThumb.config.php
Parsing file:///var/www/html/webtester/tiny_mce/plugins/ibrowser/scripts/phpThumb/phpThumb.php
Parsing file:///var/www/html/webtester/tiny_mce/plugins/ibrowser/scripts/phpThumb/phpthumb.functions.php
Parsing file:///var/www/html/webtester/tiny_mce/plugins/ibrowser/scripts/phpThumb/phpthumb.class.php
Parsing file:///var/www/html/webtester/tiny_mce/plugins/ibrowser/scripts/phpThumb/cache/source/index.php
Parsing file:///var/www/html/webtester/tiny_mce/plugins/ibrowser/scripts/phpThumb/cache/index.php
Parsing file:///var/www/html/webtester/tiny_mce/plugins/ibrowser/scripts/phpThumb/index.php
Parsing file:///var/www/html/webtester/tiny_mce/plugins/ibrowser/scripts/phpThumb/phpthumb.unsharp.php
Parsing file:///var/www/html/webtester/tiny_mce/plugins/ibrowser/scripts/phpThumb/phpthumb.ico.php
Parsing file:///var/www/html/webtester/tiny_mce/plugins/ibrowser/scripts/phpThumb/demo/phpThumb.demo.showpic.php
Parsing file:///var/www/html/webtester/tiny_mce/plugins/ibrowser/scripts/phpThumb/demo/phpThumb.demo.demo.php
Parsing file:///var/www/html/webtester/tiny_mce/plugins/ibrowser/scripts/phpThumb/demo/phpThumb.demo.random.php
Parsing file:///var/www/html/webtester/tiny_mce/plugins/ibrowser/scripts/phpThumb/demo/phpThumb.demo.object.php
Parsing file:///var/www/html/webtester/tiny_mce/plugins/ibrowser/scripts/phpThumb/demo/index.php
Parsing file:///var/www/html/webtester/tiny_mce/plugins/ibrowser/scripts/phpThumb/demo/phpThumb.demo.check.php
Parsing file:///var/www/html/webtester/tiny_mce/plugins/ibrowser/scripts/phpThumb/phpthumb.bmp.php
Parsing file:///var/www/html/webtester/tiny_mce/plugins/ibrowser/scripts/rfiles.php
Parsing file:///var/www/html/webtester/tiny_mce/plugins/ibrowser/scripts/rdirs.php
Parsing file:///var/www/html/webtester/tiny_mce/plugins/ibrowser/scripts/symbols.php
Parsing file:///var/www/html/webtester/tiny_mce/plugins/ibrowser/scripts/popup.php
Parsing file:///var/www/html/webtester/tiny_mce/plugins/ibrowser/scripts/random.php
Parsing file:///var/www/html/webtester/tiny_mce/plugins/ibrowser/css/index.php
Parsing file:///var/www/html/webtester/tiny_mce/plugins/ibrowser/interface/index.php
Parsing file:///var/www/html/webtester/tiny_mce/plugins/filemanager/InsertFile/files.php
Parsing file:///var/www/html/webtester/tiny_mce/plugins/filemanager/InsertFile/lang/lang-en.php
Parsing file:///var/www/html/webtester/tiny_mce/plugins/filemanager/InsertFile/lang/lang-de.php
Parsing file:///var/www/html/webtester/tiny_mce/plugins/filemanager/InsertFile/lang/lang-nl.php
Parsing file:///var/www/html/webtester/tiny_mce/plugins/filemanager/InsertFile/config.inc.php
Parsing file:///var/www/html/webtester/tiny_mce/plugins/filemanager/InsertFile/functions.php
Parsing file:///var/www/html/webtester/tiny_mce/plugins/filemanager/InsertFile/move.php
Parsing file:///var/www/html/webtester/tiny_mce/plugins/filemanager/InsertFile/insert_file.php
Parsing file:///var/www/html/webtester/reset.php
Parsing file:///var/www/html/webtester/changePassword2.php
Parsing file:///var/www/html/webtester/userInfo.php
Parsing file:///var/www/html/webtester/noName.php
Parsing file:///var/www/html/webtester/submitAnswer.php
Parsing file:///var/www/html/webtester/quitTest.php
[Info  - 14:17:01] Indexing project for dynamic references
Parsing file:///var/www/html/webtester/grade.php
Parsing file:///var/www/html/webtester/noQuestions.php
Parsing file:///var/www/html/webtester/admin/loadfile.php
Parsing file:///var/www/html/webtester/admin/logout.php
Parsing file:///var/www/html/webtester/admin/enableTest.php
Parsing file:///var/www/html/webtester/admin/updateCustomMessage.php
Parsing file:///var/www/html/webtester/admin/deleteTest.php
Parsing file:///var/www/html/webtester/admin/upload.php
Parsing file:///var/www/html/webtester/admin/deleteQuestion.php
Parsing file:///var/www/html/webtester/admin/addTest.php
Parsing file:///var/www/html/webtester/admin/updateQuestion.php
Parsing file:///var/www/html/webtester/admin/addUser.php
Parsing file:///var/www/html/webtester/admin/remove2.php
Parsing file:///var/www/html/webtester/admin/general.php
Parsing file:///var/www/html/webtester/admin/deleteResults.php
Parsing file:///var/www/html/webtester/admin/about.php
Parsing file:///var/www/html/webtester/admin/insertTest.php
Parsing file:///var/www/html/webtester/admin/questionEdit.php
Parsing file:///var/www/html/webtester/admin/editReportTemplate.php
Parsing file:///var/www/html/webtester/admin/remove.php
Parsing file:///var/www/html/webtester/admin/reportTemplates.php
Parsing file:///var/www/html/webtester/admin/deleteUser.php
Parsing file:///var/www/html/webtester/admin/old_index.php
Parsing file:///var/www/html/webtester/admin/insertReportTemplate.php
Parsing file:///var/www/html/webtester/admin/fileMan.php
Parsing file:///var/www/html/webtester/admin/dupTooMany.php
Parsing file:///var/www/html/webtester/admin/editTest.php
Parsing file:///var/www/html/webtester/admin/test.php
Parsing file:///var/www/html/webtester/admin/deleteReportTemplates.php
Parsing file:///var/www/html/webtester/admin/viewReports.php
Parsing file:///var/www/html/webtester/admin/addQuestion.php
Parsing file:///var/www/html/webtester/admin/addSubject.php
Parsing file:///var/www/html/webtester/admin/subjects.php
Parsing file:///var/www/html/webtester/admin/updateEmailTemplate.php
Parsing file:///var/www/html/webtester/admin/insertEmailTemplate.php
Parsing file:///var/www/html/webtester/admin/editSubject.php
Parsing file:///var/www/html/webtester/admin/login.php
Parsing file:///var/www/html/webtester/admin/editUser.php
Parsing file:///var/www/html/webtester/admin/removeQuestions.php
Parsing file:///var/www/html/webtester/admin/editCustomMessages.php
Parsing file:///var/www/html/webtester/admin/currentSessions.php
Parsing file:///var/www/html/webtester/admin/editCustomMessage.php
Parsing file:///var/www/html/webtester/admin/viewReportUser.php
Parsing file:///var/www/html/webtester/admin/index.php
Parsing file:///var/www/html/webtester/admin/updateUser.php
Parsing file:///var/www/html/webtester/admin/deleteCustomMessages.php
Parsing file:///var/www/html/webtester/admin/loadfileform.php
Parsing file:///var/www/html/webtester/admin/editQuestion.php
Parsing file:///var/www/html/webtester/admin/updateSubject.php
Parsing file:///var/www/html/webtester/admin/emailTemplates.php
Parsing file:///var/www/html/webtester/admin/deleteEmailTemplates.php
Parsing file:///var/www/html/webtester/admin/updateReportTemplate.php
Parsing file:///var/www/html/webtester/admin/delete.php
Parsing file:///var/www/html/webtester/admin/insertSubject.php
Parsing file:///var/www/html/webtester/admin/reorderQuestions.php
Parsing file:///var/www/html/webtester/admin/clearQuestionStats.php
Parsing file:///var/www/html/webtester/admin/deleteSessions.php
Parsing file:///var/www/html/webtester/admin/insertUser.php
Parsing file:///var/www/html/webtester/admin/cleardb.php
Parsing file:///var/www/html/webtester/admin/testManage.php
Parsing file:///var/www/html/webtester/admin/addCustomMessage.php
Parsing file:///var/www/html/webtester/admin/accountManage.php
Parsing file:///var/www/html/webtester/admin/processor.php
Parsing file:///var/www/html/webtester/admin/deleteSubject.php
Parsing file:///var/www/html/webtester/admin/insertCustomMessage.php
Parsing file:///var/www/html/webtester/admin/updateGeneral.php
Parsing file:///var/www/html/webtester/admin/upload2.php
Parsing file:///var/www/html/webtester/admin/updateTest.php
Parsing file:///var/www/html/webtester/admin/addReportTemplate.php
Parsing file:///var/www/html/webtester/admin/preferences.php
Parsing file:///var/www/html/webtester/admin/subjectStats.php
Parsing file:///var/www/html/webtester/admin/questionStats.php
Parsing file:///var/www/html/webtester/admin/editEmailTemplate.php
Parsing file:///var/www/html/webtester/admin/dup.php
Parsing file:///var/www/html/webtester/admin/addEmailTemplate.php
Parsing file:///var/www/html/webtester/admin/clearSubjectStats.php
Parsing file:///var/www/html/webtester/admin/insertQuestion.php
Parsing file:///var/www/html/webtester/userLogin.php
Parsing file:///var/www/html/webtester/directions.php
Parsing file:///var/www/html/webtester/logout.php
Parsing file:///var/www/html/webtester/disabled.php
Parsing file:///var/www/html/webtester/phpinfo.php
Parsing file:///var/www/html/webtester/reviewQuestion.php
Parsing file:///var/www/html/webtester/reviewTest.php
Parsing file:///var/www/html/webtester/closewindow.php
Parsing file:///var/www/html/webtester/userArea.php
Parsing file:///var/www/html/webtester/startTest.php
Parsing file:///var/www/html/webtester/changePassword.php
Parsing file:///var/www/html/webtester/includes/copyright.php
Parsing file:///var/www/html/webtester/includes/class.pop3.php
Parsing file:///var/www/html/webtester/includes/class.smtp.php
Parsing file:///var/www/html/webtester/includes/class.smtp.old.php
Parsing file:///var/www/html/webtester/includes/class.phpmailer.old.php
Parsing file:///var/www/html/webtester/includes/graphs.inc.php
Parsing file:///var/www/html/webtester/includes/language_strings.php
Parsing file:///var/www/html/webtester/includes/conn.php
Parsing file:///var/www/html/webtester/includes/timerhead.php
Parsing file:///var/www/html/webtester/includes/validation.php
Parsing file:///var/www/html/webtester/includes/top.php
Parsing file:///var/www/html/webtester/includes/html2text.php
Parsing file:///var/www/html/webtester/includes/SLLists.class.php
Parsing file:///var/www/html/webtester/includes/conf.php
Parsing file:///var/www/html/webtester/includes/db-conf.php
Parsing file:///var/www/html/webtester/includes/includes.php
Parsing file:///var/www/html/webtester/includes/class.phpmailer.php
Parsing file:///var/www/html/webtester/includes/timerfoot.php
Parsing file:///var/www/html/webtester/includes/questions.php
Parsing file:///var/www/html/webtester/includes/nocache.php
Parsing file:///var/www/html/webtester/install2_old.php
Parsing file:///var/www/html/webtester/test.php
Parsing file:///var/www/html/webtester/clearResults.php
Parsing file:///var/www/html/webtester/Templates/Test%20Layout.dwt.php
Parsing file:///var/www/html/webtester/Templates/Admin%20Layout.dwt.php
Parsing file:///var/www/html/webtester/user-registration.php
Parsing file:///var/www/html/webtester/listar_pasta.php
Parsing file:///var/www/html/webtester/restore.php
Parsing file:///var/www/html/webtester/login.php
Parsing file:///var/www/html/webtester/tooManyAttempts.php
Parsing file:///var/www/html/webtester/invalidSubject.php
Parsing file:///var/www/html/webtester/go.php
Parsing file:///var/www/html/webtester/index.php
Parsing file:///var/www/html/webtester/invalidLogin.php
Parsing file:///var/www/html/webtester/register.php
Parsing file:///var/www/html/webtester/tiny_mce/plugins/ibrowser/temp/index.php
Parsing file:///var/www/html/webtester/tiny_mce/plugins/ibrowser/config/index.php
Parsing file:///var/www/html/webtester/tiny_mce/plugins/ibrowser/config/config.inc.php
Parsing file:///var/www/html/webtester/tiny_mce/plugins/ibrowser/langs/de.php
Parsing file:///var/www/html/webtester/tiny_mce/plugins/ibrowser/langs/es.php
Parsing file:///var/www/html/webtester/tiny_mce/plugins/ibrowser/langs/en.php
Parsing file:///var/www/html/webtester/tiny_mce/plugins/ibrowser/langs/nl.php
Parsing file:///var/www/html/webtester/tiny_mce/plugins/ibrowser/langs/da.php
Parsing file:///var/www/html/webtester/tiny_mce/plugins/ibrowser/langs/lang.class.php
Parsing file:///var/www/html/webtester/tiny_mce/plugins/ibrowser/langs/cs.php
Parsing file:///var/www/html/webtester/tiny_mce/plugins/ibrowser/langs/fr.php
Parsing file:///var/www/html/webtester/tiny_mce/plugins/ibrowser/langs/it.php
Parsing file:///var/www/html/webtester/tiny_mce/plugins/ibrowser/langs/index.php
Parsing file:///var/www/html/webtester/tiny_mce/plugins/ibrowser/langs/pl.php
Parsing file:///var/www/html/webtester/tiny_mce/plugins/ibrowser/ibrowser.php
Parsing file:///var/www/html/webtester/tiny_mce/plugins/ibrowser/index.php
Parsing file:///var/www/html/webtester/tiny_mce/plugins/ibrowser/scripts/loadmsg.php
Parsing file:///var/www/html/webtester/tiny_mce/plugins/ibrowser/scripts/phpThumb/phpthumb.filters.php
Parsing file:///var/www/html/webtester/tiny_mce/plugins/ibrowser/scripts/phpThumb/phpthumb.gif.php
Parsing file:///var/www/html/webtester/tiny_mce/plugins/ibrowser/scripts/phpThumb/phpThumb.config.php
Parsing file:///var/www/html/webtester/tiny_mce/plugins/ibrowser/scripts/phpThumb/phpThumb.php
Parsing file:///var/www/html/webtester/tiny_mce/plugins/ibrowser/scripts/phpThumb/phpthumb.functions.php
Parsing file:///var/www/html/webtester/tiny_mce/plugins/ibrowser/scripts/phpThumb/phpthumb.class.php
Parsing file:///var/www/html/webtester/tiny_mce/plugins/ibrowser/scripts/phpThumb/cache/source/index.php
Parsing file:///var/www/html/webtester/tiny_mce/plugins/ibrowser/scripts/phpThumb/cache/index.php
Parsing file:///var/www/html/webtester/tiny_mce/plugins/ibrowser/scripts/phpThumb/index.php
Parsing file:///var/www/html/webtester/tiny_mce/plugins/ibrowser/scripts/phpThumb/phpthumb.unsharp.php
Parsing file:///var/www/html/webtester/tiny_mce/plugins/ibrowser/scripts/phpThumb/phpthumb.ico.php
Parsing file:///var/www/html/webtester/tiny_mce/plugins/ibrowser/scripts/phpThumb/demo/phpThumb.demo.showpic.php
Parsing file:///var/www/html/webtester/tiny_mce/plugins/ibrowser/scripts/phpThumb/demo/phpThumb.demo.demo.php
Parsing file:///var/www/html/webtester/tiny_mce/plugins/ibrowser/scripts/phpThumb/demo/phpThumb.demo.random.php
Parsing file:///var/www/html/webtester/tiny_mce/plugins/ibrowser/scripts/phpThumb/demo/phpThumb.demo.object.php
Parsing file:///var/www/html/webtester/tiny_mce/plugins/ibrowser/scripts/phpThumb/demo/index.php
Parsing file:///var/www/html/webtester/tiny_mce/plugins/ibrowser/scripts/phpThumb/demo/phpThumb.demo.check.php
Parsing file:///var/www/html/webtester/tiny_mce/plugins/ibrowser/scripts/phpThumb/phpthumb.bmp.php
Parsing file:///var/www/html/webtester/tiny_mce/plugins/ibrowser/scripts/rfiles.php
Parsing file:///var/www/html/webtester/tiny_mce/plugins/ibrowser/scripts/rdirs.php
Parsing file:///var/www/html/webtester/tiny_mce/plugins/ibrowser/scripts/symbols.php
Parsing file:///var/www/html/webtester/tiny_mce/plugins/ibrowser/scripts/popup.php
Parsing file:///var/www/html/webtester/tiny_mce/plugins/ibrowser/scripts/random.php
Parsing file:///var/www/html/webtester/tiny_mce/plugins/ibrowser/css/index.php
Parsing file:///var/www/html/webtester/tiny_mce/plugins/ibrowser/interface/index.php
Parsing file:///var/www/html/webtester/tiny_mce/plugins/filemanager/InsertFile/files.php
Parsing file:///var/www/html/webtester/tiny_mce/plugins/filemanager/InsertFile/lang/lang-en.php
Parsing file:///var/www/html/webtester/tiny_mce/plugins/filemanager/InsertFile/lang/lang-de.php
Parsing file:///var/www/html/webtester/tiny_mce/plugins/filemanager/InsertFile/lang/lang-nl.php
Parsing file:///var/www/html/webtester/tiny_mce/plugins/filemanager/InsertFile/config.inc.php
Parsing file:///var/www/html/webtester/tiny_mce/plugins/filemanager/InsertFile/functions.php
Parsing file:///var/www/html/webtester/tiny_mce/plugins/filemanager/InsertFile/move.php
Parsing file:///var/www/html/webtester/tiny_mce/plugins/filemanager/InsertFile/insert_file.php
Parsing file:///var/www/html/webtester/reset.php
Parsing file:///var/www/html/webtester/changePassword2.php
Parsing file:///var/www/html/webtester/userInfo.php
Parsing file:///var/www/html/webtester/noName.php
Parsing file:///var/www/html/webtester/submitAnswer.php
Parsing file:///var/www/html/webtester/quitTest.php
[Info  - 14:17:04] 0 Packages
[Info  - 14:17:04] All 179 PHP files parsed in 5 seconds. 178 MiB allocated.
