[2020-07-24 18:48:37.124] [renderer1] [error] Illegal argument: character must be non-negative: Error: Illegal argument: character must be non-negative
	at Object.t.illegalArgument (/usr/share/code/resources/app/out/vs/workbench/services/extensions/node/extensionHostProcess.js:10:641)
	at new v (/usr/share/code/resources/app/out/vs/workbench/services/extensions/node/extensionHostProcess.js:431:424)
	at new v (/usr/share/code/resources/app/out/vs/workbench/services/extensions/node/extensionHostProcess.js:429:327)
	at asPosition (/root/.vscode/extensions/felixfbecker.php-intellisense-2.3.14/node_modules/vscode-languageclient/lib/protocolConverter.js:53:16)
	at asRange (/root/.vscode/extensions/felixfbecker.php-intellisense-2.3.14/node_modules/vscode-languageclient/lib/protocolConverter.js:59:31)
	at asHover (/root/.vscode/extensions/felixfbecker.php-intellisense-2.3.14/node_modules/vscode-languageclient/lib/protocolConverter.js:134:63)
[2020-07-24 18:48:43.644] [renderer1] [error] Illegal argument: character must be non-negative: Error: Illegal argument: character must be non-negative
	at Object.t.illegalArgument (/usr/share/code/resources/app/out/vs/workbench/services/extensions/node/extensionHostProcess.js:10:641)
	at new v (/usr/share/code/resources/app/out/vs/workbench/services/extensions/node/extensionHostProcess.js:431:424)
	at new v (/usr/share/code/resources/app/out/vs/workbench/services/extensions/node/extensionHostProcess.js:429:327)
	at asPosition (/root/.vscode/extensions/felixfbecker.php-intellisense-2.3.14/node_modules/vscode-languageclient/lib/protocolConverter.js:53:16)
	at asRange (/root/.vscode/extensions/felixfbecker.php-intellisense-2.3.14/node_modules/vscode-languageclient/lib/protocolConverter.js:59:31)
	at asHover (/root/.vscode/extensions/felixfbecker.php-intellisense-2.3.14/node_modules/vscode-languageclient/lib/protocolConverter.js:134:63)
[2020-07-24 18:48:48.932] [renderer1] [error] Illegal argument: character must be non-negative: Error: Illegal argument: character must be non-negative
	at Object.t.illegalArgument (/usr/share/code/resources/app/out/vs/workbench/services/extensions/node/extensionHostProcess.js:10:641)
	at new v (/usr/share/code/resources/app/out/vs/workbench/services/extensions/node/extensionHostProcess.js:431:424)
	at new v (/usr/share/code/resources/app/out/vs/workbench/services/extensions/node/extensionHostProcess.js:429:327)
	at asPosition (/root/.vscode/extensions/felixfbecker.php-intellisense-2.3.14/node_modules/vscode-languageclient/lib/protocolConverter.js:53:16)
	at asRange (/root/.vscode/extensions/felixfbecker.php-intellisense-2.3.14/node_modules/vscode-languageclient/lib/protocolConverter.js:59:31)
	at asHover (/root/.vscode/extensions/felixfbecker.php-intellisense-2.3.14/node_modules/vscode-languageclient/lib/protocolConverter.js:134:63)
[2020-07-24 18:48:50.637] [renderer1] [error] Illegal argument: character must be non-negative: Error: Illegal argument: character must be non-negative
	at Object.t.illegalArgument (/usr/share/code/resources/app/out/vs/workbench/services/extensions/node/extensionHostProcess.js:10:641)
	at new v (/usr/share/code/resources/app/out/vs/workbench/services/extensions/node/extensionHostProcess.js:431:424)
	at new v (/usr/share/code/resources/app/out/vs/workbench/services/extensions/node/extensionHostProcess.js:429:327)
	at asPosition (/root/.vscode/extensions/felixfbecker.php-intellisense-2.3.14/node_modules/vscode-languageclient/lib/protocolConverter.js:53:16)
	at asRange (/root/.vscode/extensions/felixfbecker.php-intellisense-2.3.14/node_modules/vscode-languageclient/lib/protocolConverter.js:59:31)
	at asHover (/root/.vscode/extensions/felixfbecker.php-intellisense-2.3.14/node_modules/vscode-languageclient/lib/protocolConverter.js:134:63)
[2020-07-24 18:48:59.046] [renderer1] [error] Illegal argument: character must be non-negative: Error: Illegal argument: character must be non-negative
	at Object.t.illegalArgument (/usr/share/code/resources/app/out/vs/workbench/services/extensions/node/extensionHostProcess.js:10:641)
	at new v (/usr/share/code/resources/app/out/vs/workbench/services/extensions/node/extensionHostProcess.js:431:424)
	at new v (/usr/share/code/resources/app/out/vs/workbench/services/extensions/node/extensionHostProcess.js:429:327)
	at asPosition (/root/.vscode/extensions/felixfbecker.php-intellisense-2.3.14/node_modules/vscode-languageclient/lib/protocolConverter.js:53:16)
	at asRange (/root/.vscode/extensions/felixfbecker.php-intellisense-2.3.14/node_modules/vscode-languageclient/lib/protocolConverter.js:59:31)
	at asHover (/root/.vscode/extensions/felixfbecker.php-intellisense-2.3.14/node_modules/vscode-languageclient/lib/protocolConverter.js:134:63)
[2020-07-24 18:49:47.527] [renderer1] [error] Illegal argument: character must be non-negative: Error: Illegal argument: character must be non-negative
	at Object.t.illegalArgument (/usr/share/code/resources/app/out/vs/workbench/services/extensions/node/extensionHostProcess.js:10:641)
	at new v (/usr/share/code/resources/app/out/vs/workbench/services/extensions/node/extensionHostProcess.js:431:424)
	at new v (/usr/share/code/resources/app/out/vs/workbench/services/extensions/node/extensionHostProcess.js:429:327)
	at asPosition (/root/.vscode/extensions/felixfbecker.php-intellisense-2.3.14/node_modules/vscode-languageclient/lib/protocolConverter.js:53:16)
	at asRange (/root/.vscode/extensions/felixfbecker.php-intellisense-2.3.14/node_modules/vscode-languageclient/lib/protocolConverter.js:59:31)
	at asHover (/root/.vscode/extensions/felixfbecker.php-intellisense-2.3.14/node_modules/vscode-languageclient/lib/protocolConverter.js:134:63)
[2020-07-24 18:49:49.007] [renderer1] [error] Illegal argument: character must be non-negative: Error: Illegal argument: character must be non-negative
	at Object.t.illegalArgument (/usr/share/code/resources/app/out/vs/workbench/services/extensions/node/extensionHostProcess.js:10:641)
	at new v (/usr/share/code/resources/app/out/vs/workbench/services/extensions/node/extensionHostProcess.js:431:424)
	at new v (/usr/share/code/resources/app/out/vs/workbench/services/extensions/node/extensionHostProcess.js:429:327)
	at asPosition (/root/.vscode/extensions/felixfbecker.php-intellisense-2.3.14/node_modules/vscode-languageclient/lib/protocolConverter.js:53:16)
	at asRange (/root/.vscode/extensions/felixfbecker.php-intellisense-2.3.14/node_modules/vscode-languageclient/lib/protocolConverter.js:59:31)
	at asHover (/root/.vscode/extensions/felixfbecker.php-intellisense-2.3.14/node_modules/vscode-languageclient/lib/protocolConverter.js:134:63)
[2020-07-24 18:50:04.665] [renderer1] [error] Illegal argument: character must be non-negative: Error: Illegal argument: character must be non-negative
	at Object.t.illegalArgument (/usr/share/code/resources/app/out/vs/workbench/services/extensions/node/extensionHostProcess.js:10:641)
	at new v (/usr/share/code/resources/app/out/vs/workbench/services/extensions/node/extensionHostProcess.js:431:424)
	at new v (/usr/share/code/resources/app/out/vs/workbench/services/extensions/node/extensionHostProcess.js:429:327)
	at asPosition (/root/.vscode/extensions/felixfbecker.php-intellisense-2.3.14/node_modules/vscode-languageclient/lib/protocolConverter.js:53:16)
	at asRange (/root/.vscode/extensions/felixfbecker.php-intellisense-2.3.14/node_modules/vscode-languageclient/lib/protocolConverter.js:59:31)
	at asHover (/root/.vscode/extensions/felixfbecker.php-intellisense-2.3.14/node_modules/vscode-languageclient/lib/protocolConverter.js:134:63)
[2020-07-24 18:50:20.953] [renderer1] [error] Illegal argument: character must be non-negative: Error: Illegal argument: character must be non-negative
	at Object.t.illegalArgument (/usr/share/code/resources/app/out/vs/workbench/services/extensions/node/extensionHostProcess.js:10:641)
	at new v (/usr/share/code/resources/app/out/vs/workbench/services/extensions/node/extensionHostProcess.js:431:424)
	at new v (/usr/share/code/resources/app/out/vs/workbench/services/extensions/node/extensionHostProcess.js:429:327)
	at asPosition (/root/.vscode/extensions/felixfbecker.php-intellisense-2.3.14/node_modules/vscode-languageclient/lib/protocolConverter.js:53:16)
	at asRange (/root/.vscode/extensions/felixfbecker.php-intellisense-2.3.14/node_modules/vscode-languageclient/lib/protocolConverter.js:59:31)
	at asHover (/root/.vscode/extensions/felixfbecker.php-intellisense-2.3.14/node_modules/vscode-languageclient/lib/protocolConverter.js:134:63)
[2020-07-24 18:50:23.454] [renderer1] [error] Illegal argument: character must be non-negative: Error: Illegal argument: character must be non-negative
	at Object.t.illegalArgument (/usr/share/code/resources/app/out/vs/workbench/services/extensions/node/extensionHostProcess.js:10:641)
	at new v (/usr/share/code/resources/app/out/vs/workbench/services/extensions/node/extensionHostProcess.js:431:424)
	at new v (/usr/share/code/resources/app/out/vs/workbench/services/extensions/node/extensionHostProcess.js:429:327)
	at asPosition (/root/.vscode/extensions/felixfbecker.php-intellisense-2.3.14/node_modules/vscode-languageclient/lib/protocolConverter.js:53:16)
	at asRange (/root/.vscode/extensions/felixfbecker.php-intellisense-2.3.14/node_modules/vscode-languageclient/lib/protocolConverter.js:59:31)
	at asHover (/root/.vscode/extensions/felixfbecker.php-intellisense-2.3.14/node_modules/vscode-languageclient/lib/protocolConverter.js:134:63)
[2020-07-24 18:50:24.798] [renderer1] [error] Illegal argument: character must be non-negative: Error: Illegal argument: character must be non-negative
	at Object.t.illegalArgument (/usr/share/code/resources/app/out/vs/workbench/services/extensions/node/extensionHostProcess.js:10:641)
	at new v (/usr/share/code/resources/app/out/vs/workbench/services/extensions/node/extensionHostProcess.js:431:424)
	at new v (/usr/share/code/resources/app/out/vs/workbench/services/extensions/node/extensionHostProcess.js:429:327)
	at asPosition (/root/.vscode/extensions/felixfbecker.php-intellisense-2.3.14/node_modules/vscode-languageclient/lib/protocolConverter.js:53:16)
	at asRange (/root/.vscode/extensions/felixfbecker.php-intellisense-2.3.14/node_modules/vscode-languageclient/lib/protocolConverter.js:59:31)
	at asHover (/root/.vscode/extensions/felixfbecker.php-intellisense-2.3.14/node_modules/vscode-languageclient/lib/protocolConverter.js:134:63)
[2020-07-24 18:50:29.270] [renderer1] [error] Illegal argument: character must be non-negative: Error: Illegal argument: character must be non-negative
	at Object.t.illegalArgument (/usr/share/code/resources/app/out/vs/workbench/services/extensions/node/extensionHostProcess.js:10:641)
	at new v (/usr/share/code/resources/app/out/vs/workbench/services/extensions/node/extensionHostProcess.js:431:424)
	at new v (/usr/share/code/resources/app/out/vs/workbench/services/extensions/node/extensionHostProcess.js:429:327)
	at asPosition (/root/.vscode/extensions/felixfbecker.php-intellisense-2.3.14/node_modules/vscode-languageclient/lib/protocolConverter.js:53:16)
	at asRange (/root/.vscode/extensions/felixfbecker.php-intellisense-2.3.14/node_modules/vscode-languageclient/lib/protocolConverter.js:59:31)
	at asHover (/root/.vscode/extensions/felixfbecker.php-intellisense-2.3.14/node_modules/vscode-languageclient/lib/protocolConverter.js:134:63)
[2020-07-24 18:50:51.654] [renderer1] [error] Illegal argument: character must be non-negative: Error: Illegal argument: character must be non-negative
	at Object.t.illegalArgument (/usr/share/code/resources/app/out/vs/workbench/services/extensions/node/extensionHostProcess.js:10:641)
	at new v (/usr/share/code/resources/app/out/vs/workbench/services/extensions/node/extensionHostProcess.js:431:424)
	at new v (/usr/share/code/resources/app/out/vs/workbench/services/extensions/node/extensionHostProcess.js:429:327)
	at asPosition (/root/.vscode/extensions/felixfbecker.php-intellisense-2.3.14/node_modules/vscode-languageclient/lib/protocolConverter.js:53:16)
	at asRange (/root/.vscode/extensions/felixfbecker.php-intellisense-2.3.14/node_modules/vscode-languageclient/lib/protocolConverter.js:59:31)
	at asHover (/root/.vscode/extensions/felixfbecker.php-intellisense-2.3.14/node_modules/vscode-languageclient/lib/protocolConverter.js:134:63)
[2020-07-24 18:50:54.689] [renderer1] [error] Illegal argument: character must be non-negative: Error: Illegal argument: character must be non-negative
	at Object.t.illegalArgument (/usr/share/code/resources/app/out/vs/workbench/services/extensions/node/extensionHostProcess.js:10:641)
	at new v (/usr/share/code/resources/app/out/vs/workbench/services/extensions/node/extensionHostProcess.js:431:424)
	at new v (/usr/share/code/resources/app/out/vs/workbench/services/extensions/node/extensionHostProcess.js:429:327)
	at asPosition (/root/.vscode/extensions/felixfbecker.php-intellisense-2.3.14/node_modules/vscode-languageclient/lib/protocolConverter.js:53:16)
	at asRange (/root/.vscode/extensions/felixfbecker.php-intellisense-2.3.14/node_modules/vscode-languageclient/lib/protocolConverter.js:59:31)
	at asHover (/root/.vscode/extensions/felixfbecker.php-intellisense-2.3.14/node_modules/vscode-languageclient/lib/protocolConverter.js:134:63)
[2020-07-24 18:51:01.563] [renderer1] [error] Illegal argument: character must be non-negative: Error: Illegal argument: character must be non-negative
	at Object.t.illegalArgument (/usr/share/code/resources/app/out/vs/workbench/services/extensions/node/extensionHostProcess.js:10:641)
	at new v (/usr/share/code/resources/app/out/vs/workbench/services/extensions/node/extensionHostProcess.js:431:424)
	at new v (/usr/share/code/resources/app/out/vs/workbench/services/extensions/node/extensionHostProcess.js:429:327)
	at asPosition (/root/.vscode/extensions/felixfbecker.php-intellisense-2.3.14/node_modules/vscode-languageclient/lib/protocolConverter.js:53:16)
	at asRange (/root/.vscode/extensions/felixfbecker.php-intellisense-2.3.14/node_modules/vscode-languageclient/lib/protocolConverter.js:59:31)
	at asHover (/root/.vscode/extensions/felixfbecker.php-intellisense-2.3.14/node_modules/vscode-languageclient/lib/protocolConverter.js:134:63)
[2020-07-24 18:51:19.292] [renderer1] [error] Illegal argument: character must be non-negative: Error: Illegal argument: character must be non-negative
	at Object.t.illegalArgument (/usr/share/code/resources/app/out/vs/workbench/services/extensions/node/extensionHostProcess.js:10:641)
	at new v (/usr/share/code/resources/app/out/vs/workbench/services/extensions/node/extensionHostProcess.js:431:424)
	at new v (/usr/share/code/resources/app/out/vs/workbench/services/extensions/node/extensionHostProcess.js:429:327)
	at asPosition (/root/.vscode/extensions/felixfbecker.php-intellisense-2.3.14/node_modules/vscode-languageclient/lib/protocolConverter.js:53:16)
	at asRange (/root/.vscode/extensions/felixfbecker.php-intellisense-2.3.14/node_modules/vscode-languageclient/lib/protocolConverter.js:59:31)
	at asHover (/root/.vscode/extensions/felixfbecker.php-intellisense-2.3.14/node_modules/vscode-languageclient/lib/protocolConverter.js:134:63)
[2020-07-24 18:51:21.273] [renderer1] [error] Illegal argument: character must be non-negative: Error: Illegal argument: character must be non-negative
	at Object.t.illegalArgument (/usr/share/code/resources/app/out/vs/workbench/services/extensions/node/extensionHostProcess.js:10:641)
	at new v (/usr/share/code/resources/app/out/vs/workbench/services/extensions/node/extensionHostProcess.js:431:424)
	at new v (/usr/share/code/resources/app/out/vs/workbench/services/extensions/node/extensionHostProcess.js:429:327)
	at asPosition (/root/.vscode/extensions/felixfbecker.php-intellisense-2.3.14/node_modules/vscode-languageclient/lib/protocolConverter.js:53:16)
	at asRange (/root/.vscode/extensions/felixfbecker.php-intellisense-2.3.14/node_modules/vscode-languageclient/lib/protocolConverter.js:59:31)
	at asHover (/root/.vscode/extensions/felixfbecker.php-intellisense-2.3.14/node_modules/vscode-languageclient/lib/protocolConverter.js:134:63)
[2020-07-24 18:52:53.903] [renderer1] [error] Illegal argument: character must be non-negative: Error: Illegal argument: character must be non-negative
	at Object.t.illegalArgument (/usr/share/code/resources/app/out/vs/workbench/services/extensions/node/extensionHostProcess.js:10:641)
	at new v (/usr/share/code/resources/app/out/vs/workbench/services/extensions/node/extensionHostProcess.js:431:424)
	at new v (/usr/share/code/resources/app/out/vs/workbench/services/extensions/node/extensionHostProcess.js:429:327)
	at asPosition (/root/.vscode/extensions/felixfbecker.php-intellisense-2.3.14/node_modules/vscode-languageclient/lib/protocolConverter.js:53:16)
	at asRange (/root/.vscode/extensions/felixfbecker.php-intellisense-2.3.14/node_modules/vscode-languageclient/lib/protocolConverter.js:59:31)
	at asHover (/root/.vscode/extensions/felixfbecker.php-intellisense-2.3.14/node_modules/vscode-languageclient/lib/protocolConverter.js:134:63)
[2020-07-24 18:52:55.358] [renderer1] [error] Illegal argument: character must be non-negative: Error: Illegal argument: character must be non-negative
	at Object.t.illegalArgument (/usr/share/code/resources/app/out/vs/workbench/services/extensions/node/extensionHostProcess.js:10:641)
	at new v (/usr/share/code/resources/app/out/vs/workbench/services/extensions/node/extensionHostProcess.js:431:424)
	at new v (/usr/share/code/resources/app/out/vs/workbench/services/extensions/node/extensionHostProcess.js:429:327)
	at asPosition (/root/.vscode/extensions/felixfbecker.php-intellisense-2.3.14/node_modules/vscode-languageclient/lib/protocolConverter.js:53:16)
	at asRange (/root/.vscode/extensions/felixfbecker.php-intellisense-2.3.14/node_modules/vscode-languageclient/lib/protocolConverter.js:59:31)
	at asHover (/root/.vscode/extensions/felixfbecker.php-intellisense-2.3.14/node_modules/vscode-languageclient/lib/protocolConverter.js:134:63)
[2020-07-24 18:53:00.176] [renderer1] [error] Illegal argument: character must be non-negative: Error: Illegal argument: character must be non-negative
	at Object.t.illegalArgument (/usr/share/code/resources/app/out/vs/workbench/services/extensions/node/extensionHostProcess.js:10:641)
	at new v (/usr/share/code/resources/app/out/vs/workbench/services/extensions/node/extensionHostProcess.js:431:424)
	at new v (/usr/share/code/resources/app/out/vs/workbench/services/extensions/node/extensionHostProcess.js:429:327)
	at asPosition (/root/.vscode/extensions/felixfbecker.php-intellisense-2.3.14/node_modules/vscode-languageclient/lib/protocolConverter.js:53:16)
	at asRange (/root/.vscode/extensions/felixfbecker.php-intellisense-2.3.14/node_modules/vscode-languageclient/lib/protocolConverter.js:59:31)
	at asHover (/root/.vscode/extensions/felixfbecker.php-intellisense-2.3.14/node_modules/vscode-languageclient/lib/protocolConverter.js:134:63)
[2020-07-24 18:53:19.360] [renderer1] [error] Illegal argument: character must be non-negative: Error: Illegal argument: character must be non-negative
	at Object.t.illegalArgument (/usr/share/code/resources/app/out/vs/workbench/services/extensions/node/extensionHostProcess.js:10:641)
	at new v (/usr/share/code/resources/app/out/vs/workbench/services/extensions/node/extensionHostProcess.js:431:424)
	at new v (/usr/share/code/resources/app/out/vs/workbench/services/extensions/node/extensionHostProcess.js:429:327)
	at asPosition (/root/.vscode/extensions/felixfbecker.php-intellisense-2.3.14/node_modules/vscode-languageclient/lib/protocolConverter.js:53:16)
	at asRange (/root/.vscode/extensions/felixfbecker.php-intellisense-2.3.14/node_modules/vscode-languageclient/lib/protocolConverter.js:59:31)
	at asHover (/root/.vscode/extensions/felixfbecker.php-intellisense-2.3.14/node_modules/vscode-languageclient/lib/protocolConverter.js:134:63)
[2020-07-24 18:53:21.185] [renderer1] [error] Illegal argument: character must be non-negative: Error: Illegal argument: character must be non-negative
	at Object.t.illegalArgument (/usr/share/code/resources/app/out/vs/workbench/services/extensions/node/extensionHostProcess.js:10:641)
	at new v (/usr/share/code/resources/app/out/vs/workbench/services/extensions/node/extensionHostProcess.js:431:424)
	at new v (/usr/share/code/resources/app/out/vs/workbench/services/extensions/node/extensionHostProcess.js:429:327)
	at asPosition (/root/.vscode/extensions/felixfbecker.php-intellisense-2.3.14/node_modules/vscode-languageclient/lib/protocolConverter.js:53:16)
	at asRange (/root/.vscode/extensions/felixfbecker.php-intellisense-2.3.14/node_modules/vscode-languageclient/lib/protocolConverter.js:59:31)
	at asHover (/root/.vscode/extensions/felixfbecker.php-intellisense-2.3.14/node_modules/vscode-languageclient/lib/protocolConverter.js:134:63)
[2020-07-24 18:55:12.576] [renderer1] [error] Illegal argument: character must be non-negative: Error: Illegal argument: character must be non-negative
	at Object.t.illegalArgument (/usr/share/code/resources/app/out/vs/workbench/services/extensions/node/extensionHostProcess.js:10:641)
	at new v (/usr/share/code/resources/app/out/vs/workbench/services/extensions/node/extensionHostProcess.js:431:424)
	at new v (/usr/share/code/resources/app/out/vs/workbench/services/extensions/node/extensionHostProcess.js:429:327)
	at asPosition (/root/.vscode/extensions/felixfbecker.php-intellisense-2.3.14/node_modules/vscode-languageclient/lib/protocolConverter.js:53:16)
	at asRange (/root/.vscode/extensions/felixfbecker.php-intellisense-2.3.14/node_modules/vscode-languageclient/lib/protocolConverter.js:59:31)
	at asHover (/root/.vscode/extensions/felixfbecker.php-intellisense-2.3.14/node_modules/vscode-languageclient/lib/protocolConverter.js:134:63)
