[2020-07-21 15:26:11.064] [renderer1] [error] Model is disposed!: Error: Model is disposed!
    at F._assertNotDisposed (file:///usr/share/code/resources/app/out/vs/workbench/workbench.desktop.main.js:1411:667)
    at F.getPositionAt (file:///usr/share/code/resources/app/out/vs/workbench/workbench.desktop.main.js:1417:133)
    at file:///usr/share/code/resources/app/out/vs/workbench/workbench.desktop.main.js:1425:804
    at Array.map (<anonymous>)
    at F._applyUndo (file:///usr/share/code/resources/app/out/vs/workbench/workbench.desktop.main.js:1425:783)
    at d.undo (file:///usr/share/code/resources/app/out/vs/workbench/workbench.desktop.main.js:1257:189)
    at file:///usr/share/code/resources/app/out/vs/workbench/workbench.desktop.main.js:2693:147
    at w._safeInvokeWithLocks (file:///usr/share/code/resources/app/out/vs/workbench/workbench.desktop.main.js:2690:401)
    at file:///usr/share/code/resources/app/out/vs/workbench/workbench.desktop.main.js:2693:111
    at w._invokeResourcePrepare (file:///usr/share/code/resources/app/out/vs/workbench/workbench.desktop.main.js:2690:818)
    at w._resourceUndo (file:///usr/share/code/resources/app/out/vs/workbench/workbench.desktop.main.js:2693:59)
    at w.undo (file:///usr/share/code/resources/app/out/vs/workbench/workbench.desktop.main.js:2693:485)
    at F.undo (file:///usr/share/code/resources/app/out/vs/workbench/workbench.desktop.main.js:1428:176)
    at w.updateReplacePreview (file:///usr/share/code/resources/app/out/vs/workbench/workbench.desktop.main.js:5305:465)
    at async w.openReplacePreview (file:///usr/share/code/resources/app/out/vs/workbench/workbench.desktop.main.js:5305:33)
[2020-07-21 15:26:43.364] [renderer1] [error] Model is disposed!: Error: Model is disposed!
    at F._assertNotDisposed (file:///usr/share/code/resources/app/out/vs/workbench/workbench.desktop.main.js:1411:667)
    at F.getPositionAt (file:///usr/share/code/resources/app/out/vs/workbench/workbench.desktop.main.js:1417:133)
    at file:///usr/share/code/resources/app/out/vs/workbench/workbench.desktop.main.js:1425:804
    at Array.map (<anonymous>)
    at F._applyUndo (file:///usr/share/code/resources/app/out/vs/workbench/workbench.desktop.main.js:1425:783)
    at d.undo (file:///usr/share/code/resources/app/out/vs/workbench/workbench.desktop.main.js:1257:189)
    at file:///usr/share/code/resources/app/out/vs/workbench/workbench.desktop.main.js:2693:147
    at w._safeInvokeWithLocks (file:///usr/share/code/resources/app/out/vs/workbench/workbench.desktop.main.js:2690:401)
    at file:///usr/share/code/resources/app/out/vs/workbench/workbench.desktop.main.js:2693:111
    at w._invokeResourcePrepare (file:///usr/share/code/resources/app/out/vs/workbench/workbench.desktop.main.js:2690:818)
    at w._resourceUndo (file:///usr/share/code/resources/app/out/vs/workbench/workbench.desktop.main.js:2693:59)
    at w.undo (file:///usr/share/code/resources/app/out/vs/workbench/workbench.desktop.main.js:2693:485)
    at F.undo (file:///usr/share/code/resources/app/out/vs/workbench/workbench.desktop.main.js:1428:176)
    at w.updateReplacePreview (file:///usr/share/code/resources/app/out/vs/workbench/workbench.desktop.main.js:5305:465)
    at async w.openReplacePreview (file:///usr/share/code/resources/app/out/vs/workbench/workbench.desktop.main.js:5305:33)
[2020-07-21 15:27:16.574] [renderer1] [error] Model is disposed!: Error: Model is disposed!
    at F._assertNotDisposed (file:///usr/share/code/resources/app/out/vs/workbench/workbench.desktop.main.js:1411:667)
    at F.getPositionAt (file:///usr/share/code/resources/app/out/vs/workbench/workbench.desktop.main.js:1417:133)
    at file:///usr/share/code/resources/app/out/vs/workbench/workbench.desktop.main.js:1425:804
    at Array.map (<anonymous>)
    at F._applyUndo (file:///usr/share/code/resources/app/out/vs/workbench/workbench.desktop.main.js:1425:783)
    at d.undo (file:///usr/share/code/resources/app/out/vs/workbench/workbench.desktop.main.js:1257:189)
    at file:///usr/share/code/resources/app/out/vs/workbench/workbench.desktop.main.js:2693:147
    at w._safeInvokeWithLocks (file:///usr/share/code/resources/app/out/vs/workbench/workbench.desktop.main.js:2690:401)
    at file:///usr/share/code/resources/app/out/vs/workbench/workbench.desktop.main.js:2693:111
    at w._invokeResourcePrepare (file:///usr/share/code/resources/app/out/vs/workbench/workbench.desktop.main.js:2690:818)
    at w._resourceUndo (file:///usr/share/code/resources/app/out/vs/workbench/workbench.desktop.main.js:2693:59)
    at w.undo (file:///usr/share/code/resources/app/out/vs/workbench/workbench.desktop.main.js:2693:485)
    at F.undo (file:///usr/share/code/resources/app/out/vs/workbench/workbench.desktop.main.js:1428:176)
    at w.updateReplacePreview (file:///usr/share/code/resources/app/out/vs/workbench/workbench.desktop.main.js:5305:465)
    at async w.openReplacePreview (file:///usr/share/code/resources/app/out/vs/workbench/workbench.desktop.main.js:5305:33)
[2020-07-21 15:27:57.246] [renderer1] [error] Model is disposed!: Error: Model is disposed!
    at F._assertNotDisposed (file:///usr/share/code/resources/app/out/vs/workbench/workbench.desktop.main.js:1411:667)
    at F.getPositionAt (file:///usr/share/code/resources/app/out/vs/workbench/workbench.desktop.main.js:1417:133)
    at file:///usr/share/code/resources/app/out/vs/workbench/workbench.desktop.main.js:1425:804
    at Array.map (<anonymous>)
    at F._applyUndo (file:///usr/share/code/resources/app/out/vs/workbench/workbench.desktop.main.js:1425:783)
    at d.undo (file:///usr/share/code/resources/app/out/vs/workbench/workbench.desktop.main.js:1257:189)
    at file:///usr/share/code/resources/app/out/vs/workbench/workbench.desktop.main.js:2693:147
    at w._safeInvokeWithLocks (file:///usr/share/code/resources/app/out/vs/workbench/workbench.desktop.main.js:2690:401)
    at file:///usr/share/code/resources/app/out/vs/workbench/workbench.desktop.main.js:2693:111
    at w._invokeResourcePrepare (file:///usr/share/code/resources/app/out/vs/workbench/workbench.desktop.main.js:2690:818)
    at w._resourceUndo (file:///usr/share/code/resources/app/out/vs/workbench/workbench.desktop.main.js:2693:59)
    at w.undo (file:///usr/share/code/resources/app/out/vs/workbench/workbench.desktop.main.js:2693:485)
    at F.undo (file:///usr/share/code/resources/app/out/vs/workbench/workbench.desktop.main.js:1428:176)
    at w.updateReplacePreview (file:///usr/share/code/resources/app/out/vs/workbench/workbench.desktop.main.js:5305:465)
    at async w.openReplacePreview (file:///usr/share/code/resources/app/out/vs/workbench/workbench.desktop.main.js:5305:33)
[2020-07-21 15:30:26.315] [renderer1] [error] Model is disposed!: Error: Model is disposed!
    at F._assertNotDisposed (file:///usr/share/code/resources/app/out/vs/workbench/workbench.desktop.main.js:1411:667)
    at F.getPositionAt (file:///usr/share/code/resources/app/out/vs/workbench/workbench.desktop.main.js:1417:133)
    at file:///usr/share/code/resources/app/out/vs/workbench/workbench.desktop.main.js:1425:804
    at Array.map (<anonymous>)
    at F._applyUndo (file:///usr/share/code/resources/app/out/vs/workbench/workbench.desktop.main.js:1425:783)
    at d.undo (file:///usr/share/code/resources/app/out/vs/workbench/workbench.desktop.main.js:1257:189)
    at file:///usr/share/code/resources/app/out/vs/workbench/workbench.desktop.main.js:2693:147
    at w._safeInvokeWithLocks (file:///usr/share/code/resources/app/out/vs/workbench/workbench.desktop.main.js:2690:401)
    at file:///usr/share/code/resources/app/out/vs/workbench/workbench.desktop.main.js:2693:111
    at w._invokeResourcePrepare (file:///usr/share/code/resources/app/out/vs/workbench/workbench.desktop.main.js:2690:818)
    at w._resourceUndo (file:///usr/share/code/resources/app/out/vs/workbench/workbench.desktop.main.js:2693:59)
    at w.undo (file:///usr/share/code/resources/app/out/vs/workbench/workbench.desktop.main.js:2693:485)
    at F.undo (file:///usr/share/code/resources/app/out/vs/workbench/workbench.desktop.main.js:1428:176)
    at w.updateReplacePreview (file:///usr/share/code/resources/app/out/vs/workbench/workbench.desktop.main.js:5305:465)
    at async w.openReplacePreview (file:///usr/share/code/resources/app/out/vs/workbench/workbench.desktop.main.js:5305:33)
[2020-07-21 15:31:17.515] [renderer1] [error] Model is disposed!: Error: Model is disposed!
    at F._assertNotDisposed (file:///usr/share/code/resources/app/out/vs/workbench/workbench.desktop.main.js:1411:667)
    at F.getPositionAt (file:///usr/share/code/resources/app/out/vs/workbench/workbench.desktop.main.js:1417:133)
    at file:///usr/share/code/resources/app/out/vs/workbench/workbench.desktop.main.js:1425:804
    at Array.map (<anonymous>)
    at F._applyUndo (file:///usr/share/code/resources/app/out/vs/workbench/workbench.desktop.main.js:1425:783)
    at d.undo (file:///usr/share/code/resources/app/out/vs/workbench/workbench.desktop.main.js:1257:189)
    at file:///usr/share/code/resources/app/out/vs/workbench/workbench.desktop.main.js:2693:147
    at w._safeInvokeWithLocks (file:///usr/share/code/resources/app/out/vs/workbench/workbench.desktop.main.js:2690:401)
    at file:///usr/share/code/resources/app/out/vs/workbench/workbench.desktop.main.js:2693:111
    at w._invokeResourcePrepare (file:///usr/share/code/resources/app/out/vs/workbench/workbench.desktop.main.js:2690:818)
    at w._resourceUndo (file:///usr/share/code/resources/app/out/vs/workbench/workbench.desktop.main.js:2693:59)
    at w.undo (file:///usr/share/code/resources/app/out/vs/workbench/workbench.desktop.main.js:2693:485)
    at F.undo (file:///usr/share/code/resources/app/out/vs/workbench/workbench.desktop.main.js:1428:176)
    at w.updateReplacePreview (file:///usr/share/code/resources/app/out/vs/workbench/workbench.desktop.main.js:5305:465)
    at async w.openReplacePreview (file:///usr/share/code/resources/app/out/vs/workbench/workbench.desktop.main.js:5305:33)
[2020-07-21 16:27:14.851] [renderer1] [error] Illegal argument: character must be non-negative: Error: Illegal argument: character must be non-negative
	at Object.t.illegalArgument (/usr/share/code/resources/app/out/vs/workbench/services/extensions/node/extensionHostProcess.js:10:641)
	at new v (/usr/share/code/resources/app/out/vs/workbench/services/extensions/node/extensionHostProcess.js:431:424)
	at new v (/usr/share/code/resources/app/out/vs/workbench/services/extensions/node/extensionHostProcess.js:429:327)
	at asPosition (/root/.vscode/extensions/felixfbecker.php-intellisense-2.3.14/node_modules/vscode-languageclient/lib/protocolConverter.js:53:16)
	at asRange (/root/.vscode/extensions/felixfbecker.php-intellisense-2.3.14/node_modules/vscode-languageclient/lib/protocolConverter.js:59:31)
	at asHover (/root/.vscode/extensions/felixfbecker.php-intellisense-2.3.14/node_modules/vscode-languageclient/lib/protocolConverter.js:134:63)
[2020-07-21 21:12:28.013] [renderer1] [error] Model is disposed!: Error: Model is disposed!
    at F._assertNotDisposed (file:///usr/share/code/resources/app/out/vs/workbench/workbench.desktop.main.js:1411:667)
    at F.getPositionAt (file:///usr/share/code/resources/app/out/vs/workbench/workbench.desktop.main.js:1417:133)
    at file:///usr/share/code/resources/app/out/vs/workbench/workbench.desktop.main.js:1425:804
    at Array.map (<anonymous>)
    at F._applyUndo (file:///usr/share/code/resources/app/out/vs/workbench/workbench.desktop.main.js:1425:783)
    at d.undo (file:///usr/share/code/resources/app/out/vs/workbench/workbench.desktop.main.js:1257:189)
    at file:///usr/share/code/resources/app/out/vs/workbench/workbench.desktop.main.js:2693:147
    at w._safeInvokeWithLocks (file:///usr/share/code/resources/app/out/vs/workbench/workbench.desktop.main.js:2690:401)
    at file:///usr/share/code/resources/app/out/vs/workbench/workbench.desktop.main.js:2693:111
    at w._invokeResourcePrepare (file:///usr/share/code/resources/app/out/vs/workbench/workbench.desktop.main.js:2690:818)
    at w._resourceUndo (file:///usr/share/code/resources/app/out/vs/workbench/workbench.desktop.main.js:2693:59)
    at w.undo (file:///usr/share/code/resources/app/out/vs/workbench/workbench.desktop.main.js:2693:485)
    at F.undo (file:///usr/share/code/resources/app/out/vs/workbench/workbench.desktop.main.js:1428:176)
    at w.updateReplacePreview (file:///usr/share/code/resources/app/out/vs/workbench/workbench.desktop.main.js:5305:465)
    at async w.openReplacePreview (file:///usr/share/code/resources/app/out/vs/workbench/workbench.desktop.main.js:5305:33)
