DEBUG     Checking PHPLS_ALLOW_XDEBUG
DEBUG     The xdebug extension is loaded (2.9.2)

DEBUG     Process restarting (PHPLS_ALLOW_XDEBUG=internal|2.9.2|1|*|*)
DEBUG     Running '/usr/bin/php7.4' '-n' '-c' '/tmp/2y9wfj' '/root/.vscode/extensions/felixfbecker.php-intellisense-2.3.14/vendor/felixfbecker/language-server/bin/php-language-server.php' '--tcp=127.0.0.1:44247' '--memory-limit=4095M'

DEBUG     Checking PHPLS_ALLOW_XDEBUG
DEBUG     Restarted (18 ms). The xdebug extension is not loaded

[Info  - 12:31:21] 179 files total
[Info  - 12:31:21] Indexing project for definitions and static references
Parsing file:///var/www/html/webtester2015/grade.php
Parsing file:///var/www/html/webtester2015/noQuestions.php
Parsing file:///var/www/html/webtester2015/admin/loadfile.php
Parsing file:///var/www/html/webtester2015/admin/logout.php
Parsing file:///var/www/html/webtester2015/admin/enableTest.php
Parsing file:///var/www/html/webtester2015/admin/updateCustomMessage.php
Parsing file:///var/www/html/webtester2015/admin/deleteTest.php
Parsing file:///var/www/html/webtester2015/admin/upload.php
Parsing file:///var/www/html/webtester2015/admin/deleteQuestion.php
Parsing file:///var/www/html/webtester2015/admin/addTest.php
Parsing file:///var/www/html/webtester2015/admin/updateQuestion.php
Parsing file:///var/www/html/webtester2015/admin/addUser.php
Parsing file:///var/www/html/webtester2015/admin/remove2.php
Parsing file:///var/www/html/webtester2015/admin/general.php
Parsing file:///var/www/html/webtester2015/admin/deleteResults.php
Parsing file:///var/www/html/webtester2015/admin/about.php
Parsing file:///var/www/html/webtester2015/admin/insertTest.php
Parsing file:///var/www/html/webtester2015/admin/questionEdit.php
Parsing file:///var/www/html/webtester2015/admin/editReportTemplate.php
Parsing file:///var/www/html/webtester2015/admin/remove.php
Parsing file:///var/www/html/webtester2015/admin/reportTemplates.php
Parsing file:///var/www/html/webtester2015/admin/deleteUser.php
Parsing file:///var/www/html/webtester2015/admin/old_index.php
Parsing file:///var/www/html/webtester2015/admin/insertReportTemplate.php
Parsing file:///var/www/html/webtester2015/admin/fileMan.php
Parsing file:///var/www/html/webtester2015/admin/dupTooMany.php
Parsing file:///var/www/html/webtester2015/admin/editTest.php
Parsing file:///var/www/html/webtester2015/admin/test.php
Parsing file:///var/www/html/webtester2015/admin/deleteReportTemplates.php
Parsing file:///var/www/html/webtester2015/admin/viewReports.php
Parsing file:///var/www/html/webtester2015/admin/addQuestion.php
Parsing file:///var/www/html/webtester2015/admin/addSubject.php
Parsing file:///var/www/html/webtester2015/admin/subjects.php
Parsing file:///var/www/html/webtester2015/admin/updateEmailTemplate.php
Parsing file:///var/www/html/webtester2015/admin/insertEmailTemplate.php
Parsing file:///var/www/html/webtester2015/admin/editSubject.php
Parsing file:///var/www/html/webtester2015/admin/login.php
Parsing file:///var/www/html/webtester2015/admin/editUser.php
Parsing file:///var/www/html/webtester2015/admin/removeQuestions.php
Parsing file:///var/www/html/webtester2015/admin/editCustomMessages.php
Parsing file:///var/www/html/webtester2015/admin/currentSessions.php
Parsing file:///var/www/html/webtester2015/admin/editCustomMessage.php
Parsing file:///var/www/html/webtester2015/admin/viewReportUser.php
Parsing file:///var/www/html/webtester2015/admin/index.php
Parsing file:///var/www/html/webtester2015/admin/updateUser.php
Parsing file:///var/www/html/webtester2015/admin/deleteCustomMessages.php
Parsing file:///var/www/html/webtester2015/admin/loadfileform.php
Parsing file:///var/www/html/webtester2015/admin/editQuestion.php
Parsing file:///var/www/html/webtester2015/admin/updateSubject.php
Parsing file:///var/www/html/webtester2015/admin/emailTemplates.php
Parsing file:///var/www/html/webtester2015/admin/deleteEmailTemplates.php
Parsing file:///var/www/html/webtester2015/admin/updateReportTemplate.php
Parsing file:///var/www/html/webtester2015/admin/delete.php
Parsing file:///var/www/html/webtester2015/admin/insertSubject.php
Parsing file:///var/www/html/webtester2015/admin/reorderQuestions.php
Parsing file:///var/www/html/webtester2015/admin/clearQuestionStats.php
Parsing file:///var/www/html/webtester2015/admin/deleteSessions.php
Parsing file:///var/www/html/webtester2015/admin/insertUser.php
Parsing file:///var/www/html/webtester2015/admin/cleardb.php
Parsing file:///var/www/html/webtester2015/admin/testManage.php
Parsing file:///var/www/html/webtester2015/admin/addCustomMessage.php
Parsing file:///var/www/html/webtester2015/admin/accountManage.php
Parsing file:///var/www/html/webtester2015/admin/processor.php
Parsing file:///var/www/html/webtester2015/admin/deleteSubject.php
Parsing file:///var/www/html/webtester2015/admin/insertCustomMessage.php
Parsing file:///var/www/html/webtester2015/admin/updateGeneral.php
Parsing file:///var/www/html/webtester2015/admin/upload2.php
Parsing file:///var/www/html/webtester2015/admin/updateTest.php
Parsing file:///var/www/html/webtester2015/admin/addReportTemplate.php
Parsing file:///var/www/html/webtester2015/admin/preferences.php
Parsing file:///var/www/html/webtester2015/admin/subjectStats.php
Parsing file:///var/www/html/webtester2015/admin/questionStats.php
Parsing file:///var/www/html/webtester2015/admin/editEmailTemplate.php
Parsing file:///var/www/html/webtester2015/admin/dup.php
Parsing file:///var/www/html/webtester2015/admin/addEmailTemplate.php
Parsing file:///var/www/html/webtester2015/admin/clearSubjectStats.php
Parsing file:///var/www/html/webtester2015/admin/insertQuestion.php
Parsing file:///var/www/html/webtester2015/userLogin.php
Parsing file:///var/www/html/webtester2015/directions.php
Parsing file:///var/www/html/webtester2015/logout.php
Parsing file:///var/www/html/webtester2015/disabled.php
Parsing file:///var/www/html/webtester2015/phpinfo.php
Parsing file:///var/www/html/webtester2015/reviewQuestion.php
Parsing file:///var/www/html/webtester2015/reviewTest.php
Parsing file:///var/www/html/webtester2015/closewindow.php
Parsing file:///var/www/html/webtester2015/userArea.php
Parsing file:///var/www/html/webtester2015/install.php
Parsing file:///var/www/html/webtester2015/startTest.php
Parsing file:///var/www/html/webtester2015/changePassword.php
Parsing file:///var/www/html/webtester2015/includes/copyright.php
Parsing file:///var/www/html/webtester2015/includes/class.pop3.php
Parsing file:///var/www/html/webtester2015/includes/class.smtp.php
Parsing file:///var/www/html/webtester2015/includes/class.smtp.old.php
Parsing file:///var/www/html/webtester2015/includes/class.phpmailer.old.php
Parsing file:///var/www/html/webtester2015/includes/graphs.inc.php
Parsing file:///var/www/html/webtester2015/includes/language_strings.php
Parsing file:///var/www/html/webtester2015/includes/timerhead.php
Parsing file:///var/www/html/webtester2015/includes/validation.php
Parsing file:///var/www/html/webtester2015/includes/top.php
Parsing file:///var/www/html/webtester2015/includes/html2text.php
Parsing file:///var/www/html/webtester2015/includes/SLLists.class.php
Parsing file:///var/www/html/webtester2015/includes/class.phpmailer.php
Parsing file:///var/www/html/webtester2015/includes/timerfoot.php
Parsing file:///var/www/html/webtester2015/includes/questions.php
Parsing file:///var/www/html/webtester2015/includes/nocache.php
Parsing file:///var/www/html/webtester2015/test.php
Parsing file:///var/www/html/webtester2015/install2.php
Parsing file:///var/www/html/webtester2015/clearResults.php
Parsing file:///var/www/html/webtester2015/Templates/Test%20Layout.dwt.php
Parsing file:///var/www/html/webtester2015/Templates/Admin%20Layout.dwt.php
Parsing file:///var/www/html/webtester2015/user-registration.php
Parsing file:///var/www/html/webtester2015/restore.php
Parsing file:///var/www/html/webtester2015/login.php
Parsing file:///var/www/html/webtester2015/tooManyAttempts.php
Parsing file:///var/www/html/webtester2015/invalidSubject.php
Parsing file:///var/www/html/webtester2015/go.php
Parsing file:///var/www/html/webtester2015/index.php
Parsing file:///var/www/html/webtester2015/invalidLogin.php
Parsing file:///var/www/html/webtester2015/register.php
Parsing file:///var/www/html/webtester2015/tiny_mce/plugins/ibrowser/temp/index.php
Parsing file:///var/www/html/webtester2015/tiny_mce/plugins/ibrowser/config/index.php
Parsing file:///var/www/html/webtester2015/tiny_mce/plugins/ibrowser/config/config.inc.php
Parsing file:///var/www/html/webtester2015/tiny_mce/plugins/ibrowser/langs/de.php
Parsing file:///var/www/html/webtester2015/tiny_mce/plugins/ibrowser/langs/es.php
Parsing file:///var/www/html/webtester2015/tiny_mce/plugins/ibrowser/langs/en.php
Parsing file:///var/www/html/webtester2015/tiny_mce/plugins/ibrowser/langs/nl.php
Parsing file:///var/www/html/webtester2015/tiny_mce/plugins/ibrowser/langs/da.php
Parsing file:///var/www/html/webtester2015/tiny_mce/plugins/ibrowser/langs/lang.class.php
Parsing file:///var/www/html/webtester2015/tiny_mce/plugins/ibrowser/langs/cs.php
Parsing file:///var/www/html/webtester2015/tiny_mce/plugins/ibrowser/langs/fr.php
Parsing file:///var/www/html/webtester2015/tiny_mce/plugins/ibrowser/langs/it.php
Parsing file:///var/www/html/webtester2015/tiny_mce/plugins/ibrowser/langs/index.php
Parsing file:///var/www/html/webtester2015/tiny_mce/plugins/ibrowser/langs/pl.php
Parsing file:///var/www/html/webtester2015/tiny_mce/plugins/ibrowser/ibrowser.php
Parsing file:///var/www/html/webtester2015/tiny_mce/plugins/ibrowser/index.php
Parsing file:///var/www/html/webtester2015/tiny_mce/plugins/ibrowser/scripts/loadmsg.php
Parsing file:///var/www/html/webtester2015/tiny_mce/plugins/ibrowser/scripts/phpThumb/phpthumb.filters.php
Parsing file:///var/www/html/webtester2015/tiny_mce/plugins/ibrowser/scripts/phpThumb/phpthumb.gif.php
Parsing file:///var/www/html/webtester2015/tiny_mce/plugins/ibrowser/scripts/phpThumb/phpThumb.config.php
Parsing file:///var/www/html/webtester2015/tiny_mce/plugins/ibrowser/scripts/phpThumb/phpThumb.php
Parsing file:///var/www/html/webtester2015/tiny_mce/plugins/ibrowser/scripts/phpThumb/phpthumb.functions.php
Parsing file:///var/www/html/webtester2015/tiny_mce/plugins/ibrowser/scripts/phpThumb/phpthumb.class.php
Parsing file:///var/www/html/webtester2015/tiny_mce/plugins/ibrowser/scripts/phpThumb/cache/source/index.php
Parsing file:///var/www/html/webtester2015/tiny_mce/plugins/ibrowser/scripts/phpThumb/cache/index.php
Parsing file:///var/www/html/webtester2015/tiny_mce/plugins/ibrowser/scripts/phpThumb/index.php
Parsing file:///var/www/html/webtester2015/tiny_mce/plugins/ibrowser/scripts/phpThumb/phpthumb.unsharp.php
Parsing file:///var/www/html/webtester2015/tiny_mce/plugins/ibrowser/scripts/phpThumb/phpthumb.ico.php
Parsing file:///var/www/html/webtester2015/tiny_mce/plugins/ibrowser/scripts/phpThumb/demo/phpThumb.demo.showpic.php
Parsing file:///var/www/html/webtester2015/tiny_mce/plugins/ibrowser/scripts/phpThumb/demo/phpThumb.demo.demo.php
Parsing file:///var/www/html/webtester2015/tiny_mce/plugins/ibrowser/scripts/phpThumb/demo/phpThumb.demo.random.php
Parsing file:///var/www/html/webtester2015/tiny_mce/plugins/ibrowser/scripts/phpThumb/demo/phpThumb.demo.object.php
Parsing file:///var/www/html/webtester2015/tiny_mce/plugins/ibrowser/scripts/phpThumb/demo/index.php
Parsing file:///var/www/html/webtester2015/tiny_mce/plugins/ibrowser/scripts/phpThumb/demo/phpThumb.demo.check.php
Parsing file:///var/www/html/webtester2015/tiny_mce/plugins/ibrowser/scripts/phpThumb/phpthumb.bmp.php
Parsing file:///var/www/html/webtester2015/tiny_mce/plugins/ibrowser/scripts/rfiles.php
Parsing file:///var/www/html/webtester2015/tiny_mce/plugins/ibrowser/scripts/rdirs.php
Parsing file:///var/www/html/webtester2015/tiny_mce/plugins/ibrowser/scripts/symbols.php
Parsing file:///var/www/html/webtester2015/tiny_mce/plugins/ibrowser/scripts/popup.php
Parsing file:///var/www/html/webtester2015/tiny_mce/plugins/ibrowser/scripts/random.php
Parsing file:///var/www/html/webtester2015/tiny_mce/plugins/ibrowser/css/index.php
Parsing file:///var/www/html/webtester2015/tiny_mce/plugins/ibrowser/interface/index.php
Parsing file:///var/www/html/webtester2015/tiny_mce/plugins/filemanager/InsertFile/files.php
Parsing file:///var/www/html/webtester2015/tiny_mce/plugins/filemanager/InsertFile/lang/lang-en.php
Parsing file:///var/www/html/webtester2015/tiny_mce/plugins/filemanager/InsertFile/lang/lang-de.php
Parsing file:///var/www/html/webtester2015/tiny_mce/plugins/filemanager/InsertFile/lang/lang-nl.php
Parsing file:///var/www/html/webtester2015/tiny_mce/plugins/filemanager/InsertFile/config.inc.php
Parsing file:///var/www/html/webtester2015/tiny_mce/plugins/filemanager/InsertFile/functions.php
Parsing file:///var/www/html/webtester2015/tiny_mce/plugins/filemanager/InsertFile/move.php
Parsing file:///var/www/html/webtester2015/tiny_mce/plugins/filemanager/InsertFile/insert_file.php
Parsing file:///var/www/html/webtester2015/reset.php
Parsing file:///var/www/html/webtester2015/changePassword2.php
Parsing file:///var/www/html/webtester2015/userInfo.php
Parsing file:///var/www/html/webtester2015/noName.php
Parsing file:///var/www/html/webtester2015/submitAnswer.php
Parsing file:///var/www/html/webtester2015/quitTest.php
[Info  - 12:31:23] Indexing project for dynamic references
Parsing file:///var/www/html/webtester2015/grade.php
Parsing file:///var/www/html/webtester2015/noQuestions.php
Parsing file:///var/www/html/webtester2015/admin/loadfile.php
Parsing file:///var/www/html/webtester2015/admin/logout.php
Parsing file:///var/www/html/webtester2015/admin/enableTest.php
Parsing file:///var/www/html/webtester2015/admin/updateCustomMessage.php
Parsing file:///var/www/html/webtester2015/admin/deleteTest.php
Parsing file:///var/www/html/webtester2015/admin/upload.php
Parsing file:///var/www/html/webtester2015/admin/deleteQuestion.php
Parsing file:///var/www/html/webtester2015/admin/addTest.php
Parsing file:///var/www/html/webtester2015/admin/updateQuestion.php
Parsing file:///var/www/html/webtester2015/admin/addUser.php
Parsing file:///var/www/html/webtester2015/admin/remove2.php
Parsing file:///var/www/html/webtester2015/admin/general.php
Parsing file:///var/www/html/webtester2015/admin/deleteResults.php
Parsing file:///var/www/html/webtester2015/admin/about.php
Parsing file:///var/www/html/webtester2015/admin/insertTest.php
Parsing file:///var/www/html/webtester2015/admin/questionEdit.php
Parsing file:///var/www/html/webtester2015/admin/editReportTemplate.php
Parsing file:///var/www/html/webtester2015/admin/remove.php
Parsing file:///var/www/html/webtester2015/admin/reportTemplates.php
Parsing file:///var/www/html/webtester2015/admin/deleteUser.php
Parsing file:///var/www/html/webtester2015/admin/old_index.php
Parsing file:///var/www/html/webtester2015/admin/insertReportTemplate.php
Parsing file:///var/www/html/webtester2015/admin/fileMan.php
Parsing file:///var/www/html/webtester2015/admin/dupTooMany.php
Parsing file:///var/www/html/webtester2015/admin/editTest.php
Parsing file:///var/www/html/webtester2015/admin/test.php
Parsing file:///var/www/html/webtester2015/admin/deleteReportTemplates.php
Parsing file:///var/www/html/webtester2015/admin/viewReports.php
Parsing file:///var/www/html/webtester2015/admin/addQuestion.php
Parsing file:///var/www/html/webtester2015/admin/addSubject.php
Parsing file:///var/www/html/webtester2015/admin/subjects.php
Parsing file:///var/www/html/webtester2015/admin/updateEmailTemplate.php
Parsing file:///var/www/html/webtester2015/admin/insertEmailTemplate.php
Parsing file:///var/www/html/webtester2015/admin/editSubject.php
Parsing file:///var/www/html/webtester2015/admin/login.php
Parsing file:///var/www/html/webtester2015/admin/editUser.php
Parsing file:///var/www/html/webtester2015/admin/removeQuestions.php
Parsing file:///var/www/html/webtester2015/admin/editCustomMessages.php
Parsing file:///var/www/html/webtester2015/admin/currentSessions.php
Parsing file:///var/www/html/webtester2015/admin/editCustomMessage.php
Parsing file:///var/www/html/webtester2015/admin/viewReportUser.php
Parsing file:///var/www/html/webtester2015/admin/index.php
Parsing file:///var/www/html/webtester2015/admin/updateUser.php
Parsing file:///var/www/html/webtester2015/admin/deleteCustomMessages.php
Parsing file:///var/www/html/webtester2015/admin/loadfileform.php
Parsing file:///var/www/html/webtester2015/admin/editQuestion.php
Parsing file:///var/www/html/webtester2015/admin/updateSubject.php
Parsing file:///var/www/html/webtester2015/admin/emailTemplates.php
Parsing file:///var/www/html/webtester2015/admin/deleteEmailTemplates.php
Parsing file:///var/www/html/webtester2015/admin/updateReportTemplate.php
Parsing file:///var/www/html/webtester2015/admin/delete.php
Parsing file:///var/www/html/webtester2015/admin/insertSubject.php
Parsing file:///var/www/html/webtester2015/admin/reorderQuestions.php
Parsing file:///var/www/html/webtester2015/admin/clearQuestionStats.php
Parsing file:///var/www/html/webtester2015/admin/deleteSessions.php
Parsing file:///var/www/html/webtester2015/admin/insertUser.php
Parsing file:///var/www/html/webtester2015/admin/cleardb.php
Parsing file:///var/www/html/webtester2015/admin/testManage.php
Parsing file:///var/www/html/webtester2015/admin/addCustomMessage.php
Parsing file:///var/www/html/webtester2015/admin/accountManage.php
Parsing file:///var/www/html/webtester2015/admin/processor.php
Parsing file:///var/www/html/webtester2015/admin/deleteSubject.php
Parsing file:///var/www/html/webtester2015/admin/insertCustomMessage.php
Parsing file:///var/www/html/webtester2015/admin/updateGeneral.php
Parsing file:///var/www/html/webtester2015/admin/upload2.php
Parsing file:///var/www/html/webtester2015/admin/updateTest.php
Parsing file:///var/www/html/webtester2015/admin/addReportTemplate.php
Parsing file:///var/www/html/webtester2015/admin/preferences.php
Parsing file:///var/www/html/webtester2015/admin/subjectStats.php
Parsing file:///var/www/html/webtester2015/admin/questionStats.php
Parsing file:///var/www/html/webtester2015/admin/editEmailTemplate.php
Parsing file:///var/www/html/webtester2015/admin/dup.php
Parsing file:///var/www/html/webtester2015/admin/addEmailTemplate.php
Parsing file:///var/www/html/webtester2015/admin/clearSubjectStats.php
Parsing file:///var/www/html/webtester2015/admin/insertQuestion.php
Parsing file:///var/www/html/webtester2015/userLogin.php
Parsing file:///var/www/html/webtester2015/directions.php
Parsing file:///var/www/html/webtester2015/logout.php
Parsing file:///var/www/html/webtester2015/disabled.php
Parsing file:///var/www/html/webtester2015/phpinfo.php
Parsing file:///var/www/html/webtester2015/reviewQuestion.php
Parsing file:///var/www/html/webtester2015/reviewTest.php
Parsing file:///var/www/html/webtester2015/closewindow.php
Parsing file:///var/www/html/webtester2015/userArea.php
Parsing file:///var/www/html/webtester2015/install.php
Parsing file:///var/www/html/webtester2015/startTest.php
Parsing file:///var/www/html/webtester2015/changePassword.php
Parsing file:///var/www/html/webtester2015/includes/copyright.php
Parsing file:///var/www/html/webtester2015/includes/class.pop3.php
Parsing file:///var/www/html/webtester2015/includes/class.smtp.php
Parsing file:///var/www/html/webtester2015/includes/class.smtp.old.php
Parsing file:///var/www/html/webtester2015/includes/class.phpmailer.old.php
Parsing file:///var/www/html/webtester2015/includes/graphs.inc.php
Parsing file:///var/www/html/webtester2015/includes/language_strings.php
Parsing file:///var/www/html/webtester2015/includes/timerhead.php
Parsing file:///var/www/html/webtester2015/includes/validation.php
Parsing file:///var/www/html/webtester2015/includes/top.php
Parsing file:///var/www/html/webtester2015/includes/html2text.php
Parsing file:///var/www/html/webtester2015/includes/SLLists.class.php
Parsing file:///var/www/html/webtester2015/includes/class.phpmailer.php
Parsing file:///var/www/html/webtester2015/includes/timerfoot.php
Parsing file:///var/www/html/webtester2015/includes/questions.php
Parsing file:///var/www/html/webtester2015/includes/nocache.php
Parsing file:///var/www/html/webtester2015/test.php
Parsing file:///var/www/html/webtester2015/install2.php
Parsing file:///var/www/html/webtester2015/clearResults.php
Parsing file:///var/www/html/webtester2015/Templates/Test%20Layout.dwt.php
Parsing file:///var/www/html/webtester2015/Templates/Admin%20Layout.dwt.php
Parsing file:///var/www/html/webtester2015/user-registration.php
Parsing file:///var/www/html/webtester2015/restore.php
Parsing file:///var/www/html/webtester2015/login.php
Parsing file:///var/www/html/webtester2015/tooManyAttempts.php
Parsing file:///var/www/html/webtester2015/invalidSubject.php
Parsing file:///var/www/html/webtester2015/go.php
Parsing file:///var/www/html/webtester2015/index.php
Parsing file:///var/www/html/webtester2015/invalidLogin.php
Parsing file:///var/www/html/webtester2015/register.php
Parsing file:///var/www/html/webtester2015/tiny_mce/plugins/ibrowser/temp/index.php
Parsing file:///var/www/html/webtester2015/tiny_mce/plugins/ibrowser/config/index.php
Parsing file:///var/www/html/webtester2015/tiny_mce/plugins/ibrowser/config/config.inc.php
Parsing file:///var/www/html/webtester2015/tiny_mce/plugins/ibrowser/langs/de.php
Parsing file:///var/www/html/webtester2015/tiny_mce/plugins/ibrowser/langs/es.php
Parsing file:///var/www/html/webtester2015/tiny_mce/plugins/ibrowser/langs/en.php
Parsing file:///var/www/html/webtester2015/tiny_mce/plugins/ibrowser/langs/nl.php
Parsing file:///var/www/html/webtester2015/tiny_mce/plugins/ibrowser/langs/da.php
Parsing file:///var/www/html/webtester2015/tiny_mce/plugins/ibrowser/langs/lang.class.php
Parsing file:///var/www/html/webtester2015/tiny_mce/plugins/ibrowser/langs/cs.php
Parsing file:///var/www/html/webtester2015/tiny_mce/plugins/ibrowser/langs/fr.php
Parsing file:///var/www/html/webtester2015/tiny_mce/plugins/ibrowser/langs/it.php
Parsing file:///var/www/html/webtester2015/tiny_mce/plugins/ibrowser/langs/index.php
Parsing file:///var/www/html/webtester2015/tiny_mce/plugins/ibrowser/langs/pl.php
Parsing file:///var/www/html/webtester2015/tiny_mce/plugins/ibrowser/ibrowser.php
Parsing file:///var/www/html/webtester2015/tiny_mce/plugins/ibrowser/index.php
Parsing file:///var/www/html/webtester2015/tiny_mce/plugins/ibrowser/scripts/loadmsg.php
Parsing file:///var/www/html/webtester2015/tiny_mce/plugins/ibrowser/scripts/phpThumb/phpthumb.filters.php
Parsing file:///var/www/html/webtester2015/tiny_mce/plugins/ibrowser/scripts/phpThumb/phpthumb.gif.php
Parsing file:///var/www/html/webtester2015/tiny_mce/plugins/ibrowser/scripts/phpThumb/phpThumb.config.php
Parsing file:///var/www/html/webtester2015/tiny_mce/plugins/ibrowser/scripts/phpThumb/phpThumb.php
Parsing file:///var/www/html/webtester2015/tiny_mce/plugins/ibrowser/scripts/phpThumb/phpthumb.functions.php
Parsing file:///var/www/html/webtester2015/tiny_mce/plugins/ibrowser/scripts/phpThumb/phpthumb.class.php
Parsing file:///var/www/html/webtester2015/tiny_mce/plugins/ibrowser/scripts/phpThumb/cache/source/index.php
Parsing file:///var/www/html/webtester2015/tiny_mce/plugins/ibrowser/scripts/phpThumb/cache/index.php
Parsing file:///var/www/html/webtester2015/tiny_mce/plugins/ibrowser/scripts/phpThumb/index.php
Parsing file:///var/www/html/webtester2015/tiny_mce/plugins/ibrowser/scripts/phpThumb/phpthumb.unsharp.php
Parsing file:///var/www/html/webtester2015/tiny_mce/plugins/ibrowser/scripts/phpThumb/phpthumb.ico.php
Parsing file:///var/www/html/webtester2015/tiny_mce/plugins/ibrowser/scripts/phpThumb/demo/phpThumb.demo.showpic.php
Parsing file:///var/www/html/webtester2015/tiny_mce/plugins/ibrowser/scripts/phpThumb/demo/phpThumb.demo.demo.php
Parsing file:///var/www/html/webtester2015/tiny_mce/plugins/ibrowser/scripts/phpThumb/demo/phpThumb.demo.random.php
Parsing file:///var/www/html/webtester2015/tiny_mce/plugins/ibrowser/scripts/phpThumb/demo/phpThumb.demo.object.php
Parsing file:///var/www/html/webtester2015/tiny_mce/plugins/ibrowser/scripts/phpThumb/demo/index.php
Parsing file:///var/www/html/webtester2015/tiny_mce/plugins/ibrowser/scripts/phpThumb/demo/phpThumb.demo.check.php
Parsing file:///var/www/html/webtester2015/tiny_mce/plugins/ibrowser/scripts/phpThumb/phpthumb.bmp.php
Parsing file:///var/www/html/webtester2015/tiny_mce/plugins/ibrowser/scripts/rfiles.php
Parsing file:///var/www/html/webtester2015/tiny_mce/plugins/ibrowser/scripts/rdirs.php
Parsing file:///var/www/html/webtester2015/tiny_mce/plugins/ibrowser/scripts/symbols.php
Parsing file:///var/www/html/webtester2015/tiny_mce/plugins/ibrowser/scripts/popup.php
Parsing file:///var/www/html/webtester2015/tiny_mce/plugins/ibrowser/scripts/random.php
Parsing file:///var/www/html/webtester2015/tiny_mce/plugins/ibrowser/css/index.php
Parsing file:///var/www/html/webtester2015/tiny_mce/plugins/ibrowser/interface/index.php
Parsing file:///var/www/html/webtester2015/tiny_mce/plugins/filemanager/InsertFile/files.php
Parsing file:///var/www/html/webtester2015/tiny_mce/plugins/filemanager/InsertFile/lang/lang-en.php
Parsing file:///var/www/html/webtester2015/tiny_mce/plugins/filemanager/InsertFile/lang/lang-de.php
Parsing file:///var/www/html/webtester2015/tiny_mce/plugins/filemanager/InsertFile/lang/lang-nl.php
Parsing file:///var/www/html/webtester2015/tiny_mce/plugins/filemanager/InsertFile/config.inc.php
Parsing file:///var/www/html/webtester2015/tiny_mce/plugins/filemanager/InsertFile/functions.php
Parsing file:///var/www/html/webtester2015/tiny_mce/plugins/filemanager/InsertFile/move.php
Parsing file:///var/www/html/webtester2015/tiny_mce/plugins/filemanager/InsertFile/insert_file.php
Parsing file:///var/www/html/webtester2015/reset.php
Parsing file:///var/www/html/webtester2015/changePassword2.php
Parsing file:///var/www/html/webtester2015/userInfo.php
Parsing file:///var/www/html/webtester2015/noName.php
Parsing file:///var/www/html/webtester2015/submitAnswer.php
Parsing file:///var/www/html/webtester2015/quitTest.php
[Info  - 12:31:26] 0 Packages
[Info  - 12:31:26] All 179 PHP files parsed in 4 seconds. 178 MiB allocated.
